wandb: Currently logged in as: luchayward. Use `wandb login --relogin` to force relogin
wandb: WARNING Ignored wandb.init() arg project when running a sweep.
wandb: Tracking run with wandb version 0.13.4
wandb: Run data is saved locally in /home/eco02/Luc/point-transformer/wandb/run-20221020_044035-n8vq41no
wandb: Run `wandb offline` to turn off syncing.
wandb: Syncing run ('2.5%area', 'pretrained_sweep')
wandb: â­ï¸ View project at https://wandb.ai/luchayward/point-transformer
wandb: ðŸ§¹ View sweep at https://wandb.ai/luchayward/point-transformer/sweeps/sycjimpl
wandb: ðŸš€ View run at https://wandb.ai/luchayward/point-transformer/runs/n8vq41no
wandb: WARNING Config item 'voxel_size' was locked by 'sweep' (ignored update).
wandb: WARNING Config item 'voxel_max' was locked by 'sweep' (ignored update).
wandb: WARNING Config item 'base_lr' was locked by 'sweep' (ignored update).
wandb: WARNING Config item 'weight_decay' was locked by 'sweep' (ignored update).
wandb: WARNING Config item 'optimizer' was locked by 'sweep' (ignored update).
wandb: WARNING Config item 'power' was locked by 'sweep' (ignored update).
wandb: WARNING Config item 'scheduler' was locked by 'sweep' (ignored update).
wandb: WARNING Config item 'warmup_length' was locked by 'sweep' (ignored update).
[2022-10-20 04:40:37,167 INFO train.py line 187 1209098] arch: pointtransformer_seg_repro
base_lr: 0.7
batch_size: 75
batch_size_val: 2
classes: 2
data_name: church
data_root: dataset/2.5%area
dist_backend: nccl
dist_url: tcp://localhost:8888
distributed: False
drop_rate: 0.5
epochs: 100
eval_freq: 1
evaluate: True
fea_dim: 6
freeze_body: False
ignore_label: 255
loop: 50
manual_seed: 7777
momentum: 0.9
multiplier: 0.1
multiprocessing_distributed: False
ngpus_per_node: 1
optimizer: AdamW
power: 0.3
print_freq: 1
rank: 0
resume: None
save_freq: 1
save_path: exp/2.5%area/pretrained_sweep
scheduler: default
start_epoch: 0
step_epoch: 30
sync_bn: False
test_area: validate
train_gpu: [0]
use_xyz: True
voxel_max: 2000
voxel_size: 0.02
warmup_length: 10
weight: s3dis_2_class_head.pth
weight_decay: 1.018477714042381
workers: 8
world_size: 1
[2022-10-20 04:40:37,168 INFO train.py line 188 1209098] => creating model ...
[2022-10-20 04:40:37,168 INFO train.py line 189 1209098] Classes: 2
[2022-10-20 04:40:37,168 INFO train.py line 190 1209098] PointTransformerSeg(
  (enc1): Sequential(
    (0): TransitionDown(
      (linear): Linear(in_features=6, out_features=32, bias=False)
      (bn): BatchNorm1d(32, eps=1e-05, momentum=0.1, affine=True, track_running_stats=True)
      (relu): ReLU(inplace=True)
    )
    (1): PointTransformerBlock(
      (linear1): Linear(in_features=32, out_features=32, bias=False)
      (bn1): BatchNorm1d(32, eps=1e-05, momentum=0.1, affine=True, track_running_stats=True)
      (transformer2): PointTransformerLayer(
        (linear_q): Linear(in_features=32, out_features=32, bias=True)
        (linear_k): Linear(in_features=32, out_features=32, bias=True)
        (linear_v): Linear(in_features=32, out_features=32, bias=True)
        (linear_p): Sequential(
          (0): Linear(in_features=3, out_features=3, bias=True)
          (1): BatchNorm1d(3, eps=1e-05, momentum=0.1, affine=True, track_running_stats=True)
          (2): ReLU(inplace=True)
          (3): Linear(in_features=3, out_features=32, bias=True)
        )
        (linear_w): Sequential(
          (0): BatchNorm1d(32, eps=1e-05, momentum=0.1, affine=True, track_running_stats=True)
          (1): ReLU(inplace=True)
          (2): Linear(in_features=32, out_features=4, bias=True)
          (3): BatchNorm1d(4, eps=1e-05, momentum=0.1, affine=True, track_running_stats=True)
          (4): ReLU(inplace=True)
          (5): Linear(in_features=4, out_features=4, bias=True)
        )
        (softmax): Softmax(dim=1)
      )
      (bn2): BatchNorm1d(32, eps=1e-05, momentum=0.1, affine=True, track_running_stats=True)
      (linear3): Linear(in_features=32, out_features=32, bias=False)
      (bn3): BatchNorm1d(32, eps=1e-05, momentum=0.1, affine=True, track_running_stats=True)
      (relu): ReLU(inplace=True)
    )
  )
  (enc2): Sequential(
    (0): TransitionDown(
      (linear): Linear(in_features=35, out_features=64, bias=False)
      (pool): MaxPool1d(kernel_size=16, stride=16, padding=0, dilation=1, ceil_mode=False)
      (bn): BatchNorm1d(64, eps=1e-05, momentum=0.1, affine=True, track_running_stats=True)
      (relu): ReLU(inplace=True)
    )
    (1): PointTransformerBlock(
      (linear1): Linear(in_features=64, out_features=64, bias=False)
      (bn1): BatchNorm1d(64, eps=1e-05, momentum=0.1, affine=True, track_running_stats=True)
      (transformer2): PointTransformerLayer(
        (linear_q): Linear(in_features=64, out_features=64, bias=True)
        (linear_k): Linear(in_features=64, out_features=64, bias=True)
        (linear_v): Linear(in_features=64, out_features=64, bias=True)
        (linear_p): Sequential(
          (0): Linear(in_features=3, out_features=3, bias=True)
          (1): BatchNorm1d(3, eps=1e-05, momentum=0.1, affine=True, track_running_stats=True)
          (2): ReLU(inplace=True)
          (3): Linear(in_features=3, out_features=64, bias=True)
        )
        (linear_w): Sequential(
          (0): BatchNorm1d(64, eps=1e-05, momentum=0.1, affine=True, track_running_stats=True)
          (1): ReLU(inplace=True)
          (2): Linear(in_features=64, out_features=8, bias=True)
          (3): BatchNorm1d(8, eps=1e-05, momentum=0.1, affine=True, track_running_stats=True)
          (4): ReLU(inplace=True)
          (5): Linear(in_features=8, out_features=8, bias=True)
        )
        (softmax): Softmax(dim=1)
      )
      (bn2): BatchNorm1d(64, eps=1e-05, momentum=0.1, affine=True, track_running_stats=True)
      (linear3): Linear(in_features=64, out_features=64, bias=False)
      (bn3): BatchNorm1d(64, eps=1e-05, momentum=0.1, affine=True, track_running_stats=True)
      (relu): ReLU(inplace=True)
    )
    (2): PointTransformerBlock(
      (linear1): Linear(in_features=64, out_features=64, bias=False)
      (bn1): BatchNorm1d(64, eps=1e-05, momentum=0.1, affine=True, track_running_stats=True)
      (transformer2): PointTransformerLayer(
        (linear_q): Linear(in_features=64, out_features=64, bias=True)
        (linear_k): Linear(in_features=64, out_features=64, bias=True)
        (linear_v): Linear(in_features=64, out_features=64, bias=True)
        (linear_p): Sequential(
          (0): Linear(in_features=3, out_features=3, bias=True)
          (1): BatchNorm1d(3, eps=1e-05, momentum=0.1, affine=True, track_running_stats=True)
          (2): ReLU(inplace=True)
          (3): Linear(in_features=3, out_features=64, bias=True)
        )
        (linear_w): Sequential(
          (0): BatchNorm1d(64, eps=1e-05, momentum=0.1, affine=True, track_running_stats=True)
          (1): ReLU(inplace=True)
          (2): Linear(in_features=64, out_features=8, bias=True)
          (3): BatchNorm1d(8, eps=1e-05, momentum=0.1, affine=True, track_running_stats=True)
          (4): ReLU(inplace=True)
          (5): Linear(in_features=8, out_features=8, bias=True)
        )
        (softmax): Softmax(dim=1)
      )
      (bn2): BatchNorm1d(64, eps=1e-05, momentum=0.1, affine=True, track_running_stats=True)
      (linear3): Linear(in_features=64, out_features=64, bias=False)
      (bn3): BatchNorm1d(64, eps=1e-05, momentum=0.1, affine=True, track_running_stats=True)
      (relu): ReLU(inplace=True)
    )
  )
  (enc3): Sequential(
    (0): TransitionDown(
      (linear): Linear(in_features=67, out_features=128, bias=False)
      (pool): MaxPool1d(kernel_size=16, stride=16, padding=0, dilation=1, ceil_mode=False)
      (bn): BatchNorm1d(128, eps=1e-05, momentum=0.1, affine=True, track_running_stats=True)
      (relu): ReLU(inplace=True)
    )
    (1): PointTransformerBlock(
      (linear1): Linear(in_features=128, out_features=128, bias=False)
      (bn1): BatchNorm1d(128, eps=1e-05, momentum=0.1, affine=True, track_running_stats=True)
      (transformer2): PointTransformerLayer(
        (linear_q): Linear(in_features=128, out_features=128, bias=True)
        (linear_k): Linear(in_features=128, out_features=128, bias=True)
        (linear_v): Linear(in_features=128, out_features=128, bias=True)
        (linear_p): Sequential(
          (0): Linear(in_features=3, out_features=3, bias=True)
          (1): BatchNorm1d(3, eps=1e-05, momentum=0.1, affine=True, track_running_stats=True)
          (2): ReLU(inplace=True)
          (3): Linear(in_features=3, out_features=128, bias=True)
        )
        (linear_w): Sequential(
          (0): BatchNorm1d(128, eps=1e-05, momentum=0.1, affine=True, track_running_stats=True)
          (1): ReLU(inplace=True)
          (2): Linear(in_features=128, out_features=16, bias=True)
          (3): BatchNorm1d(16, eps=1e-05, momentum=0.1, affine=True, track_running_stats=True)
          (4): ReLU(inplace=True)
          (5): Linear(in_features=16, out_features=16, bias=True)
        )
        (softmax): Softmax(dim=1)
      )
      (bn2): BatchNorm1d(128, eps=1e-05, momentum=0.1, affine=True, track_running_stats=True)
      (linear3): Linear(in_features=128, out_features=128, bias=False)
      (bn3): BatchNorm1d(128, eps=1e-05, momentum=0.1, affine=True, track_running_stats=True)
      (relu): ReLU(inplace=True)
    )
    (2): PointTransformerBlock(
      (linear1): Linear(in_features=128, out_features=128, bias=False)
      (bn1): BatchNorm1d(128, eps=1e-05, momentum=0.1, affine=True, track_running_stats=True)
      (transformer2): PointTransformerLayer(
        (linear_q): Linear(in_features=128, out_features=128, bias=True)
        (linear_k): Linear(in_features=128, out_features=128, bias=True)
        (linear_v): Linear(in_features=128, out_features=128, bias=True)
        (linear_p): Sequential(
          (0): Linear(in_features=3, out_features=3, bias=True)
          (1): BatchNorm1d(3, eps=1e-05, momentum=0.1, affine=True, track_running_stats=True)
          (2): ReLU(inplace=True)
          (3): Linear(in_features=3, out_features=128, bias=True)
        )
        (linear_w): Sequential(
          (0): BatchNorm1d(128, eps=1e-05, momentum=0.1, affine=True, track_running_stats=True)
          (1): ReLU(inplace=True)
          (2): Linear(in_features=128, out_features=16, bias=True)
          (3): BatchNorm1d(16, eps=1e-05, momentum=0.1, affine=True, track_running_stats=True)
          (4): ReLU(inplace=True)
          (5): Linear(in_features=16, out_features=16, bias=True)
        )
        (softmax): Softmax(dim=1)
      )
      (bn2): BatchNorm1d(128, eps=1e-05, momentum=0.1, affine=True, track_running_stats=True)
      (linear3): Linear(in_features=128, out_features=128, bias=False)
      (bn3): BatchNorm1d(128, eps=1e-05, momentum=0.1, affine=True, track_running_stats=True)
      (relu): ReLU(inplace=True)
    )
    (3): PointTransformerBlock(
      (linear1): Linear(in_features=128, out_features=128, bias=False)
      (bn1): BatchNorm1d(128, eps=1e-05, momentum=0.1, affine=True, track_running_stats=True)
      (transformer2): PointTransformerLayer(
        (linear_q): Linear(in_features=128, out_features=128, bias=True)
        (linear_k): Linear(in_features=128, out_features=128, bias=True)
        (linear_v): Linear(in_features=128, out_features=128, bias=True)
        (linear_p): Sequential(
          (0): Linear(in_features=3, out_features=3, bias=True)
          (1): BatchNorm1d(3, eps=1e-05, momentum=0.1, affine=True, track_running_stats=True)
          (2): ReLU(inplace=True)
          (3): Linear(in_features=3, out_features=128, bias=True)
        )
        (linear_w): Sequential(
          (0): BatchNorm1d(128, eps=1e-05, momentum=0.1, affine=True, track_running_stats=True)
          (1): ReLU(inplace=True)
          (2): Linear(in_features=128, out_features=16, bias=True)
          (3): BatchNorm1d(16, eps=1e-05, momentum=0.1, affine=True, track_running_stats=True)
          (4): ReLU(inplace=True)
          (5): Linear(in_features=16, out_features=16, bias=True)
        )
        (softmax): Softmax(dim=1)
      )
      (bn2): BatchNorm1d(128, eps=1e-05, momentum=0.1, affine=True, track_running_stats=True)
      (linear3): Linear(in_features=128, out_features=128, bias=False)
      (bn3): BatchNorm1d(128, eps=1e-05, momentum=0.1, affine=True, track_running_stats=True)
      (relu): ReLU(inplace=True)
    )
  )
  (enc4): Sequential(
    (0): TransitionDown(
      (linear): Linear(in_features=131, out_features=256, bias=False)
      (pool): MaxPool1d(kernel_size=16, stride=16, padding=0, dilation=1, ceil_mode=False)
      (bn): BatchNorm1d(256, eps=1e-05, momentum=0.1, affine=True, track_running_stats=True)
      (relu): ReLU(inplace=True)
    )
    (1): PointTransformerBlock(
      (linear1): Linear(in_features=256, out_features=256, bias=False)
      (bn1): BatchNorm1d(256, eps=1e-05, momentum=0.1, affine=True, track_running_stats=True)
      (transformer2): PointTransformerLayer(
        (linear_q): Linear(in_features=256, out_features=256, bias=True)
        (linear_k): Linear(in_features=256, out_features=256, bias=True)
        (linear_v): Linear(in_features=256, out_features=256, bias=True)
        (linear_p): Sequential(
          (0): Linear(in_features=3, out_features=3, bias=True)
          (1): BatchNorm1d(3, eps=1e-05, momentum=0.1, affine=True, track_running_stats=True)
          (2): ReLU(inplace=True)
          (3): Linear(in_features=3, out_features=256, bias=True)
        )
        (linear_w): Sequential(
          (0): BatchNorm1d(256, eps=1e-05, momentum=0.1, affine=True, track_running_stats=True)
          (1): ReLU(inplace=True)
          (2): Linear(in_features=256, out_features=32, bias=True)
          (3): BatchNorm1d(32, eps=1e-05, momentum=0.1, affine=True, track_running_stats=True)
          (4): ReLU(inplace=True)
          (5): Linear(in_features=32, out_features=32, bias=True)
        )
        (softmax): Softmax(dim=1)
      )
      (bn2): BatchNorm1d(256, eps=1e-05, momentum=0.1, affine=True, track_running_stats=True)
      (linear3): Linear(in_features=256, out_features=256, bias=False)
      (bn3): BatchNorm1d(256, eps=1e-05, momentum=0.1, affine=True, track_running_stats=True)
      (relu): ReLU(inplace=True)
    )
    (2): PointTransformerBlock(
      (linear1): Linear(in_features=256, out_features=256, bias=False)
      (bn1): BatchNorm1d(256, eps=1e-05, momentum=0.1, affine=True, track_running_stats=True)
      (transformer2): PointTransformerLayer(
        (linear_q): Linear(in_features=256, out_features=256, bias=True)
        (linear_k): Linear(in_features=256, out_features=256, bias=True)
        (linear_v): Linear(in_features=256, out_features=256, bias=True)
        (linear_p): Sequential(
          (0): Linear(in_features=3, out_features=3, bias=True)
          (1): BatchNorm1d(3, eps=1e-05, momentum=0.1, affine=True, track_running_stats=True)
          (2): ReLU(inplace=True)
          (3): Linear(in_features=3, out_features=256, bias=True)
        )
        (linear_w): Sequential(
          (0): BatchNorm1d(256, eps=1e-05, momentum=0.1, affine=True, track_running_stats=True)
          (1): ReLU(inplace=True)
          (2): Linear(in_features=256, out_features=32, bias=True)
          (3): BatchNorm1d(32, eps=1e-05, momentum=0.1, affine=True, track_running_stats=True)
          (4): ReLU(inplace=True)
          (5): Linear(in_features=32, out_features=32, bias=True)
        )
        (softmax): Softmax(dim=1)
      )
      (bn2): BatchNorm1d(256, eps=1e-05, momentum=0.1, affine=True, track_running_stats=True)
      (linear3): Linear(in_features=256, out_features=256, bias=False)
      (bn3): BatchNorm1d(256, eps=1e-05, momentum=0.1, affine=True, track_running_stats=True)
      (relu): ReLU(inplace=True)
    )
    (3): PointTransformerBlock(
      (linear1): Linear(in_features=256, out_features=256, bias=False)
      (bn1): BatchNorm1d(256, eps=1e-05, momentum=0.1, affine=True, track_running_stats=True)
      (transformer2): PointTransformerLayer(
        (linear_q): Linear(in_features=256, out_features=256, bias=True)
        (linear_k): Linear(in_features=256, out_features=256, bias=True)
        (linear_v): Linear(in_features=256, out_features=256, bias=True)
        (linear_p): Sequential(
          (0): Linear(in_features=3, out_features=3, bias=True)
          (1): BatchNorm1d(3, eps=1e-05, momentum=0.1, affine=True, track_running_stats=True)
          (2): ReLU(inplace=True)
          (3): Linear(in_features=3, out_features=256, bias=True)
        )
        (linear_w): Sequential(
          (0): BatchNorm1d(256, eps=1e-05, momentum=0.1, affine=True, track_running_stats=True)
          (1): ReLU(inplace=True)
          (2): Linear(in_features=256, out_features=32, bias=True)
          (3): BatchNorm1d(32, eps=1e-05, momentum=0.1, affine=True, track_running_stats=True)
          (4): ReLU(inplace=True)
          (5): Linear(in_features=32, out_features=32, bias=True)
        )
        (softmax): Softmax(dim=1)
      )
      (bn2): BatchNorm1d(256, eps=1e-05, momentum=0.1, affine=True, track_running_stats=True)
      (linear3): Linear(in_features=256, out_features=256, bias=False)
      (bn3): BatchNorm1d(256, eps=1e-05, momentum=0.1, affine=True, track_running_stats=True)
      (relu): ReLU(inplace=True)
    )
    (4): PointTransformerBlock(
      (linear1): Linear(in_features=256, out_features=256, bias=False)
      (bn1): BatchNorm1d(256, eps=1e-05, momentum=0.1, affine=True, track_running_stats=True)
      (transformer2): PointTransformerLayer(
        (linear_q): Linear(in_features=256, out_features=256, bias=True)
        (linear_k): Linear(in_features=256, out_features=256, bias=True)
        (linear_v): Linear(in_features=256, out_features=256, bias=True)
        (linear_p): Sequential(
          (0): Linear(in_features=3, out_features=3, bias=True)
          (1): BatchNorm1d(3, eps=1e-05, momentum=0.1, affine=True, track_running_stats=True)
          (2): ReLU(inplace=True)
          (3): Linear(in_features=3, out_features=256, bias=True)
        )
        (linear_w): Sequential(
          (0): BatchNorm1d(256, eps=1e-05, momentum=0.1, affine=True, track_running_stats=True)
          (1): ReLU(inplace=True)
          (2): Linear(in_features=256, out_features=32, bias=True)
          (3): BatchNorm1d(32, eps=1e-05, momentum=0.1, affine=True, track_running_stats=True)
          (4): ReLU(inplace=True)
          (5): Linear(in_features=32, out_features=32, bias=True)
        )
        (softmax): Softmax(dim=1)
      )
      (bn2): BatchNorm1d(256, eps=1e-05, momentum=0.1, affine=True, track_running_stats=True)
      (linear3): Linear(in_features=256, out_features=256, bias=False)
      (bn3): BatchNorm1d(256, eps=1e-05, momentum=0.1, affine=True, track_running_stats=True)
      (relu): ReLU(inplace=True)
    )
    (5): PointTransformerBlock(
      (linear1): Linear(in_features=256, out_features=256, bias=False)
      (bn1): BatchNorm1d(256, eps=1e-05, momentum=0.1, affine=True, track_running_stats=True)
      (transformer2): PointTransformerLayer(
        (linear_q): Linear(in_features=256, out_features=256, bias=True)
        (linear_k): Linear(in_features=256, out_features=256, bias=True)
        (linear_v): Linear(in_features=256, out_features=256, bias=True)
        (linear_p): Sequential(
          (0): Linear(in_features=3, out_features=3, bias=True)
          (1): BatchNorm1d(3, eps=1e-05, momentum=0.1, affine=True, track_running_stats=True)
          (2): ReLU(inplace=True)
          (3): Linear(in_features=3, out_features=256, bias=True)
        )
        (linear_w): Sequential(
          (0): BatchNorm1d(256, eps=1e-05, momentum=0.1, affine=True, track_running_stats=True)
          (1): ReLU(inplace=True)
          (2): Linear(in_features=256, out_features=32, bias=True)
          (3): BatchNorm1d(32, eps=1e-05, momentum=0.1, affine=True, track_running_stats=True)
          (4): ReLU(inplace=True)
          (5): Linear(in_features=32, out_features=32, bias=True)
        )
        (softmax): Softmax(dim=1)
      )
      (bn2): BatchNorm1d(256, eps=1e-05, momentum=0.1, affine=True, track_running_stats=True)
      (linear3): Linear(in_features=256, out_features=256, bias=False)
      (bn3): BatchNorm1d(256, eps=1e-05, momentum=0.1, affine=True, track_running_stats=True)
      (relu): ReLU(inplace=True)
    )
  )
  (enc5): Sequential(
    (0): TransitionDown(
      (linear): Linear(in_features=259, out_features=512, bias=False)
      (pool): MaxPool1d(kernel_size=16, stride=16, padding=0, dilation=1, ceil_mode=False)
      (bn): BatchNorm1d(512, eps=1e-05, momentum=0.1, affine=True, track_running_stats=True)
      (relu): ReLU(inplace=True)
    )
    (1): PointTransformerBlock(
      (linear1): Linear(in_features=512, out_features=512, bias=False)
      (bn1): BatchNorm1d(512, eps=1e-05, momentum=0.1, affine=True, track_running_stats=True)
      (transformer2): PointTransformerLayer(
        (linear_q): Linear(in_features=512, out_features=512, bias=True)
        (linear_k): Linear(in_features=512, out_features=512, bias=True)
        (linear_v): Linear(in_features=512, out_features=512, bias=True)
        (linear_p): Sequential(
          (0): Linear(in_features=3, out_features=3, bias=True)
          (1): BatchNorm1d(3, eps=1e-05, momentum=0.1, affine=True, track_running_stats=True)
          (2): ReLU(inplace=True)
          (3): Linear(in_features=3, out_features=512, bias=True)
        )
        (linear_w): Sequential(
          (0): BatchNorm1d(512, eps=1e-05, momentum=0.1, affine=True, track_running_stats=True)
          (1): ReLU(inplace=True)
          (2): Linear(in_features=512, out_features=64, bias=True)
          (3): BatchNorm1d(64, eps=1e-05, momentum=0.1, affine=True, track_running_stats=True)
          (4): ReLU(inplace=True)
          (5): Linear(in_features=64, out_features=64, bias=True)
        )
        (softmax): Softmax(dim=1)
      )
      (bn2): BatchNorm1d(512, eps=1e-05, momentum=0.1, affine=True, track_running_stats=True)
      (linear3): Linear(in_features=512, out_features=512, bias=False)
      (bn3): BatchNorm1d(512, eps=1e-05, momentum=0.1, affine=True, track_running_stats=True)
      (relu): ReLU(inplace=True)
    )
    (2): PointTransformerBlock(
      (linear1): Linear(in_features=512, out_features=512, bias=False)
      (bn1): BatchNorm1d(512, eps=1e-05, momentum=0.1, affine=True, track_running_stats=True)
      (transformer2): PointTransformerLayer(
        (linear_q): Linear(in_features=512, out_features=512, bias=True)
        (linear_k): Linear(in_features=512, out_features=512, bias=True)
        (linear_v): Linear(in_features=512, out_features=512, bias=True)
        (linear_p): Sequential(
          (0): Linear(in_features=3, out_features=3, bias=True)
          (1): BatchNorm1d(3, eps=1e-05, momentum=0.1, affine=True, track_running_stats=True)
          (2): ReLU(inplace=True)
          (3): Linear(in_features=3, out_features=512, bias=True)
        )
        (linear_w): Sequential(
          (0): BatchNorm1d(512, eps=1e-05, momentum=0.1, affine=True, track_running_stats=True)
          (1): ReLU(inplace=True)
          (2): Linear(in_features=512, out_features=64, bias=True)
          (3): BatchNorm1d(64, eps=1e-05, momentum=0.1, affine=True, track_running_stats=True)
          (4): ReLU(inplace=True)
          (5): Linear(in_features=64, out_features=64, bias=True)
        )
        (softmax): Softmax(dim=1)
      )
      (bn2): BatchNorm1d(512, eps=1e-05, momentum=0.1, affine=True, track_running_stats=True)
      (linear3): Linear(in_features=512, out_features=512, bias=False)
      (bn3): BatchNorm1d(512, eps=1e-05, momentum=0.1, affine=True, track_running_stats=True)
      (relu): ReLU(inplace=True)
    )
  )
  (dec5): Sequential(
    (0): TransitionUp(
      (linear1): Sequential(
        (0): Linear(in_features=1024, out_features=512, bias=True)
        (1): BatchNorm1d(512, eps=1e-05, momentum=0.1, affine=True, track_running_stats=True)
        (2): ReLU(inplace=True)
      )
      (linear2): Sequential(
        (0): Linear(in_features=512, out_features=512, bias=True)
        (1): ReLU(inplace=True)
      )
    )
    (1): PointTransformerBlock(
      (linear1): Linear(in_features=512, out_features=512, bias=False)
      (bn1): BatchNorm1d(512, eps=1e-05, momentum=0.1, affine=True, track_running_stats=True)
      (transformer2): PointTransformerLayer(
        (linear_q): Linear(in_features=512, out_features=512, bias=True)
        (linear_k): Linear(in_features=512, out_features=512, bias=True)
        (linear_v): Linear(in_features=512, out_features=512, bias=True)
        (linear_p): Sequential(
          (0): Linear(in_features=3, out_features=3, bias=True)
          (1): BatchNorm1d(3, eps=1e-05, momentum=0.1, affine=True, track_running_stats=True)
          (2): ReLU(inplace=True)
          (3): Linear(in_features=3, out_features=512, bias=True)
        )
        (linear_w): Sequential(
          (0): BatchNorm1d(512, eps=1e-05, momentum=0.1, affine=True, track_running_stats=True)
          (1): ReLU(inplace=True)
          (2): Linear(in_features=512, out_features=64, bias=True)
          (3): BatchNorm1d(64, eps=1e-05, momentum=0.1, affine=True, track_running_stats=True)
          (4): ReLU(inplace=True)
          (5): Linear(in_features=64, out_features=64, bias=True)
        )
        (softmax): Softmax(dim=1)
      )
      (bn2): BatchNorm1d(512, eps=1e-05, momentum=0.1, affine=True, track_running_stats=True)
      (linear3): Linear(in_features=512, out_features=512, bias=False)
      (bn3): BatchNorm1d(512, eps=1e-05, momentum=0.1, affine=True, track_running_stats=True)
      (relu): ReLU(inplace=True)
    )
  )
  (dec4): Sequential(
    (0): TransitionUp(
      (linear1): Sequential(
        (0): Linear(in_features=256, out_features=256, bias=True)
        (1): BatchNorm1d(256, eps=1e-05, momentum=0.1, affine=True, track_running_stats=True)
        (2): ReLU(inplace=True)
      )
      (linear2): Sequential(
        (0): Linear(in_features=512, out_features=256, bias=True)
        (1): BatchNorm1d(256, eps=1e-05, momentum=0.1, affine=True, track_running_stats=True)
        (2): ReLU(inplace=True)
      )
    )
    (1): PointTransformerBlock(
      (linear1): Linear(in_features=256, out_features=256, bias=False)
      (bn1): BatchNorm1d(256, eps=1e-05, momentum=0.1, affine=True, track_running_stats=True)
      (transformer2): PointTransformerLayer(
        (linear_q): Linear(in_features=256, out_features=256, bias=True)
        (linear_k): Linear(in_features=256, out_features=256, bias=True)
        (linear_v): Linear(in_features=256, out_features=256, bias=True)
        (linear_p): Sequential(
          (0): Linear(in_features=3, out_features=3, bias=True)
          (1): BatchNorm1d(3, eps=1e-05, momentum=0.1, affine=True, track_running_stats=True)
          (2): ReLU(inplace=True)
          (3): Linear(in_features=3, out_features=256, bias=True)
        )
        (linear_w): Sequential(
          (0): BatchNorm1d(256, eps=1e-05, momentum=0.1, affine=True, track_running_stats=True)
          (1): ReLU(inplace=True)
          (2): Linear(in_features=256, out_features=32, bias=True)
          (3): BatchNorm1d(32, eps=1e-05, momentum=0.1, affine=True, track_running_stats=True)
          (4): ReLU(inplace=True)
          (5): Linear(in_features=32, out_features=32, bias=True)
        )
        (softmax): Softmax(dim=1)
      )
      (bn2): BatchNorm1d(256, eps=1e-05, momentum=0.1, affine=True, track_running_stats=True)
      (linear3): Linear(in_features=256, out_features=256, bias=False)
      (bn3): BatchNorm1d(256, eps=1e-05, momentum=0.1, affine=True, track_running_stats=True)
      (relu): ReLU(inplace=True)
    )
  )
  (dec3): Sequential(
    (0): TransitionUp(
      (linear1): Sequential(
        (0): Linear(in_features=128, out_features=128, bias=True)
        (1): BatchNorm1d(128, eps=1e-05, momentum=0.1, affine=True, track_running_stats=True)
        (2): ReLU(inplace=True)
      )
      (linear2): Sequential(
        (0): Linear(in_features=256, out_features=128, bias=True)
        (1): BatchNorm1d(128, eps=1e-05, momentum=0.1, affine=True, track_running_stats=True)
        (2): ReLU(inplace=True)
      )
    )
    (1): PointTransformerBlock(
      (linear1): Linear(in_features=128, out_features=128, bias=False)
      (bn1): BatchNorm1d(128, eps=1e-05, momentum=0.1, affine=True, track_running_stats=True)
      (transformer2): PointTransformerLayer(
        (linear_q): Linear(in_features=128, out_features=128, bias=True)
        (linear_k): Linear(in_features=128, out_features=128, bias=True)
        (linear_v): Linear(in_features=128, out_features=128, bias=True)
        (linear_p): Sequential(
          (0): Linear(in_features=3, out_features=3, bias=True)
          (1): BatchNorm1d(3, eps=1e-05, momentum=0.1, affine=True, track_running_stats=True)
          (2): ReLU(inplace=True)
          (3): Linear(in_features=3, out_features=128, bias=True)
        )
        (linear_w): Sequential(
          (0): BatchNorm1d(128, eps=1e-05, momentum=0.1, affine=True, track_running_stats=True)
          (1): ReLU(inplace=True)
          (2): Linear(in_features=128, out_features=16, bias=True)
          (3): BatchNorm1d(16, eps=1e-05, momentum=0.1, affine=True, track_running_stats=True)
          (4): ReLU(inplace=True)
          (5): Linear(in_features=16, out_features=16, bias=True)
        )
        (softmax): Softmax(dim=1)
      )
      (bn2): BatchNorm1d(128, eps=1e-05, momentum=0.1, affine=True, track_running_stats=True)
      (linear3): Linear(in_features=128, out_features=128, bias=False)
      (bn3): BatchNorm1d(128, eps=1e-05, momentum=0.1, affine=True, track_running_stats=True)
      (relu): ReLU(inplace=True)
    )
  )
  (dec2): Sequential(
    (0): TransitionUp(
      (linear1): Sequential(
        (0): Linear(in_features=64, out_features=64, bias=True)
        (1): BatchNorm1d(64, eps=1e-05, momentum=0.1, affine=True, track_running_stats=True)
        (2): ReLU(inplace=True)
      )
      (linear2): Sequential(
        (0): Linear(in_features=128, out_features=64, bias=True)
        (1): BatchNorm1d(64, eps=1e-05, momentum=0.1, affine=True, track_running_stats=True)
        (2): ReLU(inplace=True)
      )
    )
    (1): PointTransformerBlock(
      (linear1): Linear(in_features=64, out_features=64, bias=False)
      (bn1): BatchNorm1d(64, eps=1e-05, momentum=0.1, affine=True, track_running_stats=True)
      (transformer2): PointTransformerLayer(
        (linear_q): Linear(in_features=64, out_features=64, bias=True)
        (linear_k): Linear(in_features=64, out_features=64, bias=True)
        (linear_v): Linear(in_features=64, out_features=64, bias=True)
        (linear_p): Sequential(
          (0): Linear(in_features=3, out_features=3, bias=True)
          (1): BatchNorm1d(3, eps=1e-05, momentum=0.1, affine=True, track_running_stats=True)
          (2): ReLU(inplace=True)
          (3): Linear(in_features=3, out_features=64, bias=True)
        )
        (linear_w): Sequential(
          (0): BatchNorm1d(64, eps=1e-05, momentum=0.1, affine=True, track_running_stats=True)
          (1): ReLU(inplace=True)
          (2): Linear(in_features=64, out_features=8, bias=True)
          (3): BatchNorm1d(8, eps=1e-05, momentum=0.1, affine=True, track_running_stats=True)
          (4): ReLU(inplace=True)
          (5): Linear(in_features=8, out_features=8, bias=True)
        )
        (softmax): Softmax(dim=1)
      )
      (bn2): BatchNorm1d(64, eps=1e-05, momentum=0.1, affine=True, track_running_stats=True)
      (linear3): Linear(in_features=64, out_features=64, bias=False)
      (bn3): BatchNorm1d(64, eps=1e-05, momentum=0.1, affine=True, track_running_stats=True)
      (relu): ReLU(inplace=True)
    )
  )
  (dec1): Sequential(
    (0): TransitionUp(
      (linear1): Sequential(
        (0): Linear(in_features=32, out_features=32, bias=True)
        (1): BatchNorm1d(32, eps=1e-05, momentum=0.1, affine=True, track_running_stats=True)
        (2): ReLU(inplace=True)
      )
      (linear2): Sequential(
        (0): Linear(in_features=64, out_features=32, bias=True)
        (1): BatchNorm1d(32, eps=1e-05, momentum=0.1, affine=True, track_running_stats=True)
        (2): ReLU(inplace=True)
      )
    )
    (1): PointTransformerBlock(
      (linear1): Linear(in_features=32, out_features=32, bias=False)
      (bn1): BatchNorm1d(32, eps=1e-05, momentum=0.1, affine=True, track_running_stats=True)
      (transformer2): PointTransformerLayer(
        (linear_q): Linear(in_features=32, out_features=32, bias=True)
        (linear_k): Linear(in_features=32, out_features=32, bias=True)
        (linear_v): Linear(in_features=32, out_features=32, bias=True)
        (linear_p): Sequential(
          (0): Linear(in_features=3, out_features=3, bias=True)
          (1): BatchNorm1d(3, eps=1e-05, momentum=0.1, affine=True, track_running_stats=True)
          (2): ReLU(inplace=True)
          (3): Linear(in_features=3, out_features=32, bias=True)
        )
        (linear_w): Sequential(
          (0): BatchNorm1d(32, eps=1e-05, momentum=0.1, affine=True, track_running_stats=True)
          (1): ReLU(inplace=True)
          (2): Linear(in_features=32, out_features=4, bias=True)
          (3): BatchNorm1d(4, eps=1e-05, momentum=0.1, affine=True, track_running_stats=True)
          (4): ReLU(inplace=True)
          (5): Linear(in_features=4, out_features=4, bias=True)
        )
        (softmax): Softmax(dim=1)
      )
      (bn2): BatchNorm1d(32, eps=1e-05, momentum=0.1, affine=True, track_running_stats=True)
      (linear3): Linear(in_features=32, out_features=32, bias=False)
      (bn3): BatchNorm1d(32, eps=1e-05, momentum=0.1, affine=True, track_running_stats=True)
      (relu): ReLU(inplace=True)
    )
  )
  (cls): Sequential(
    (0): Linear(in_features=32, out_features=32, bias=True)
    (1): BatchNorm1d(32, eps=1e-05, momentum=0.1, affine=True, track_running_stats=True)
    (2): ReLU(inplace=True)
    (3): Linear(in_features=32, out_features=2, bias=True)
  )
)
[2022-10-20 04:40:38,381 INFO train.py line 208 1209098] => loading weight 's3dis_2_class_head.pth'
[2022-10-20 04:40:38,463 INFO train.py line 212 1209098] => loaded weight 's3dis_2_class_head.pth'
[2022-10-20 04:40:38,463 INFO train.py line 250 1209098] train_data samples: '50'
Totally 1 samples in train set.
Totally 1 samples in val set.
Totally 1 samples in train set.
Totally 1 samples in val set.
Traceback (most recent call last):
  File "/home/eco02/Luc/point-transformer/exp/2.5%area/pretrained_sweep/train.py", line 468, in <module>
    main()
  File "/home/eco02/Luc/point-transformer/exp/2.5%area/pretrained_sweep/train.py", line 127, in main
    main_worker(args.train_gpu, args.ngpus_per_node, args)
  File "/home/eco02/Luc/point-transformer/exp/2.5%area/pretrained_sweep/train.py", line 276, in main_worker
    loss_train, mIoU_train, mAcc_train, allAcc_train = train(train_loader, model, criterion, optimizer, epoch)
  File "/home/eco02/Luc/point-transformer/exp/2.5%area/pretrained_sweep/train.py", line 389, in train
    allAcc = sum(intersection_meter.sum) / (sum(target_meter.sum) + 1e-10)
TypeError: 'int' object is not iterable
wandb: Waiting for W&B process to finish... (failed 1). Press Control-C to abort syncing.
wandb: Synced ('2.5%area', 'pretrained_sweep'): https://wandb.ai/luchayward/point-transformer/runs/n8vq41no
wandb: Synced 7 W&B file(s), 0 media file(s), 0 artifact file(s) and 2 other file(s)
wandb: Find logs at: ./wandb/run-20221020_044035-n8vq41no/logs
