wandb: Currently logged in as: luchayward. Use `wandb login --relogin` to force relogin
wandb: Tracking run with wandb version 0.13.4
wandb: Run data is saved locally in /home/eco02/Luc/point-transformer/wandb/run-20221026_125731-2vfc9x7d
wandb: Run `wandb offline` to turn off syncing.
wandb: Syncing run ('s3dis', 'pointtransformer_xyz')
wandb: â­ï¸ View project at https://wandb.ai/luchayward/point-transformer
wandb: ðŸš€ View run at https://wandb.ai/luchayward/point-transformer/runs/2vfc9x7d
[2022-10-26 12:57:32,969 INFO train.py line 204 122842] arch: pointtransformer_seg_repro
base_lr: 0.5
batch_size: 2
batch_size_val: 1
classes: 13
data_name: s3dis
data_root: dataset/s3dis/trainval_fullarea_xyz
dist_backend: nccl
dist_url: tcp://localhost:8888
distributed: False
drop_rate: 0.5
epochs: 100
eval_freq: 1
evaluate: True
fea_dim: 3
ignore_label: 255
loop: 30
manual_seed: 7777
momentum: 0.9
multiplier: 0.1
multiprocessing_distributed: False
ngpus_per_node: 1
print_freq: 1
rank: 0
resume: exp/s3dis/pointtransformer_xyz/model/model_last.pth
save_freq: 1
save_path: exp/s3dis/pointtransformer_xyz
start_epoch: 0
step_epoch: 30
sync_bn: False
test_area: 5
train_gpu: [0]
use_xyz: True
voxel_max: 75000
voxel_size: 0.02
weight: None
weight_decay: 0.0001
workers: 16
world_size: 1
[2022-10-26 12:57:32,969 INFO train.py line 205 122842] => creating model ...
[2022-10-26 12:57:32,969 INFO train.py line 206 122842] Classes: 13
[2022-10-26 12:57:32,969 INFO train.py line 207 122842] PointTransformerSeg(
  (enc1): Sequential(
    (0): TransitionDown(
      (linear): Linear(in_features=3, out_features=32, bias=False)
      (bn): BatchNorm1d(32, eps=1e-05, momentum=0.1, affine=True, track_running_stats=True)
      (relu): ReLU(inplace=True)
    )
    (1): PointTransformerBlock(
      (linear1): Linear(in_features=32, out_features=32, bias=False)
      (bn1): BatchNorm1d(32, eps=1e-05, momentum=0.1, affine=True, track_running_stats=True)
      (transformer2): PointTransformerLayer(
        (linear_q): Linear(in_features=32, out_features=32, bias=True)
        (linear_k): Linear(in_features=32, out_features=32, bias=True)
        (linear_v): Linear(in_features=32, out_features=32, bias=True)
        (linear_p): Sequential(
          (0): Linear(in_features=3, out_features=3, bias=True)
          (1): BatchNorm1d(3, eps=1e-05, momentum=0.1, affine=True, track_running_stats=True)
          (2): ReLU(inplace=True)
          (3): Linear(in_features=3, out_features=32, bias=True)
        )
        (linear_w): Sequential(
          (0): BatchNorm1d(32, eps=1e-05, momentum=0.1, affine=True, track_running_stats=True)
          (1): ReLU(inplace=True)
          (2): Linear(in_features=32, out_features=4, bias=True)
          (3): BatchNorm1d(4, eps=1e-05, momentum=0.1, affine=True, track_running_stats=True)
          (4): ReLU(inplace=True)
          (5): Linear(in_features=4, out_features=4, bias=True)
        )
        (softmax): Softmax(dim=1)
      )
      (bn2): BatchNorm1d(32, eps=1e-05, momentum=0.1, affine=True, track_running_stats=True)
      (linear3): Linear(in_features=32, out_features=32, bias=False)
      (bn3): BatchNorm1d(32, eps=1e-05, momentum=0.1, affine=True, track_running_stats=True)
      (relu): ReLU(inplace=True)
    )
  )
  (enc2): Sequential(
    (0): TransitionDown(
      (linear): Linear(in_features=35, out_features=64, bias=False)
      (pool): MaxPool1d(kernel_size=16, stride=16, padding=0, dilation=1, ceil_mode=False)
      (bn): BatchNorm1d(64, eps=1e-05, momentum=0.1, affine=True, track_running_stats=True)
      (relu): ReLU(inplace=True)
    )
    (1): PointTransformerBlock(
      (linear1): Linear(in_features=64, out_features=64, bias=False)
      (bn1): BatchNorm1d(64, eps=1e-05, momentum=0.1, affine=True, track_running_stats=True)
      (transformer2): PointTransformerLayer(
        (linear_q): Linear(in_features=64, out_features=64, bias=True)
        (linear_k): Linear(in_features=64, out_features=64, bias=True)
        (linear_v): Linear(in_features=64, out_features=64, bias=True)
        (linear_p): Sequential(
          (0): Linear(in_features=3, out_features=3, bias=True)
          (1): BatchNorm1d(3, eps=1e-05, momentum=0.1, affine=True, track_running_stats=True)
          (2): ReLU(inplace=True)
          (3): Linear(in_features=3, out_features=64, bias=True)
        )
        (linear_w): Sequential(
          (0): BatchNorm1d(64, eps=1e-05, momentum=0.1, affine=True, track_running_stats=True)
          (1): ReLU(inplace=True)
          (2): Linear(in_features=64, out_features=8, bias=True)
          (3): BatchNorm1d(8, eps=1e-05, momentum=0.1, affine=True, track_running_stats=True)
          (4): ReLU(inplace=True)
          (5): Linear(in_features=8, out_features=8, bias=True)
        )
        (softmax): Softmax(dim=1)
      )
      (bn2): BatchNorm1d(64, eps=1e-05, momentum=0.1, affine=True, track_running_stats=True)
      (linear3): Linear(in_features=64, out_features=64, bias=False)
      (bn3): BatchNorm1d(64, eps=1e-05, momentum=0.1, affine=True, track_running_stats=True)
      (relu): ReLU(inplace=True)
    )
    (2): PointTransformerBlock(
      (linear1): Linear(in_features=64, out_features=64, bias=False)
      (bn1): BatchNorm1d(64, eps=1e-05, momentum=0.1, affine=True, track_running_stats=True)
      (transformer2): PointTransformerLayer(
        (linear_q): Linear(in_features=64, out_features=64, bias=True)
        (linear_k): Linear(in_features=64, out_features=64, bias=True)
        (linear_v): Linear(in_features=64, out_features=64, bias=True)
        (linear_p): Sequential(
          (0): Linear(in_features=3, out_features=3, bias=True)
          (1): BatchNorm1d(3, eps=1e-05, momentum=0.1, affine=True, track_running_stats=True)
          (2): ReLU(inplace=True)
          (3): Linear(in_features=3, out_features=64, bias=True)
        )
        (linear_w): Sequential(
          (0): BatchNorm1d(64, eps=1e-05, momentum=0.1, affine=True, track_running_stats=True)
          (1): ReLU(inplace=True)
          (2): Linear(in_features=64, out_features=8, bias=True)
          (3): BatchNorm1d(8, eps=1e-05, momentum=0.1, affine=True, track_running_stats=True)
          (4): ReLU(inplace=True)
          (5): Linear(in_features=8, out_features=8, bias=True)
        )
        (softmax): Softmax(dim=1)
      )
      (bn2): BatchNorm1d(64, eps=1e-05, momentum=0.1, affine=True, track_running_stats=True)
      (linear3): Linear(in_features=64, out_features=64, bias=False)
      (bn3): BatchNorm1d(64, eps=1e-05, momentum=0.1, affine=True, track_running_stats=True)
      (relu): ReLU(inplace=True)
    )
  )
  (enc3): Sequential(
    (0): TransitionDown(
      (linear): Linear(in_features=67, out_features=128, bias=False)
      (pool): MaxPool1d(kernel_size=16, stride=16, padding=0, dilation=1, ceil_mode=False)
      (bn): BatchNorm1d(128, eps=1e-05, momentum=0.1, affine=True, track_running_stats=True)
      (relu): ReLU(inplace=True)
    )
    (1): PointTransformerBlock(
      (linear1): Linear(in_features=128, out_features=128, bias=False)
      (bn1): BatchNorm1d(128, eps=1e-05, momentum=0.1, affine=True, track_running_stats=True)
      (transformer2): PointTransformerLayer(
        (linear_q): Linear(in_features=128, out_features=128, bias=True)
        (linear_k): Linear(in_features=128, out_features=128, bias=True)
        (linear_v): Linear(in_features=128, out_features=128, bias=True)
        (linear_p): Sequential(
          (0): Linear(in_features=3, out_features=3, bias=True)
          (1): BatchNorm1d(3, eps=1e-05, momentum=0.1, affine=True, track_running_stats=True)
          (2): ReLU(inplace=True)
          (3): Linear(in_features=3, out_features=128, bias=True)
        )
        (linear_w): Sequential(
          (0): BatchNorm1d(128, eps=1e-05, momentum=0.1, affine=True, track_running_stats=True)
          (1): ReLU(inplace=True)
          (2): Linear(in_features=128, out_features=16, bias=True)
          (3): BatchNorm1d(16, eps=1e-05, momentum=0.1, affine=True, track_running_stats=True)
          (4): ReLU(inplace=True)
          (5): Linear(in_features=16, out_features=16, bias=True)
        )
        (softmax): Softmax(dim=1)
      )
      (bn2): BatchNorm1d(128, eps=1e-05, momentum=0.1, affine=True, track_running_stats=True)
      (linear3): Linear(in_features=128, out_features=128, bias=False)
      (bn3): BatchNorm1d(128, eps=1e-05, momentum=0.1, affine=True, track_running_stats=True)
      (relu): ReLU(inplace=True)
    )
    (2): PointTransformerBlock(
      (linear1): Linear(in_features=128, out_features=128, bias=False)
      (bn1): BatchNorm1d(128, eps=1e-05, momentum=0.1, affine=True, track_running_stats=True)
      (transformer2): PointTransformerLayer(
        (linear_q): Linear(in_features=128, out_features=128, bias=True)
        (linear_k): Linear(in_features=128, out_features=128, bias=True)
        (linear_v): Linear(in_features=128, out_features=128, bias=True)
        (linear_p): Sequential(
          (0): Linear(in_features=3, out_features=3, bias=True)
          (1): BatchNorm1d(3, eps=1e-05, momentum=0.1, affine=True, track_running_stats=True)
          (2): ReLU(inplace=True)
          (3): Linear(in_features=3, out_features=128, bias=True)
        )
        (linear_w): Sequential(
          (0): BatchNorm1d(128, eps=1e-05, momentum=0.1, affine=True, track_running_stats=True)
          (1): ReLU(inplace=True)
          (2): Linear(in_features=128, out_features=16, bias=True)
          (3): BatchNorm1d(16, eps=1e-05, momentum=0.1, affine=True, track_running_stats=True)
          (4): ReLU(inplace=True)
          (5): Linear(in_features=16, out_features=16, bias=True)
        )
        (softmax): Softmax(dim=1)
      )
      (bn2): BatchNorm1d(128, eps=1e-05, momentum=0.1, affine=True, track_running_stats=True)
      (linear3): Linear(in_features=128, out_features=128, bias=False)
      (bn3): BatchNorm1d(128, eps=1e-05, momentum=0.1, affine=True, track_running_stats=True)
      (relu): ReLU(inplace=True)
    )
    (3): PointTransformerBlock(
      (linear1): Linear(in_features=128, out_features=128, bias=False)
      (bn1): BatchNorm1d(128, eps=1e-05, momentum=0.1, affine=True, track_running_stats=True)
      (transformer2): PointTransformerLayer(
        (linear_q): Linear(in_features=128, out_features=128, bias=True)
        (linear_k): Linear(in_features=128, out_features=128, bias=True)
        (linear_v): Linear(in_features=128, out_features=128, bias=True)
        (linear_p): Sequential(
          (0): Linear(in_features=3, out_features=3, bias=True)
          (1): BatchNorm1d(3, eps=1e-05, momentum=0.1, affine=True, track_running_stats=True)
          (2): ReLU(inplace=True)
          (3): Linear(in_features=3, out_features=128, bias=True)
        )
        (linear_w): Sequential(
          (0): BatchNorm1d(128, eps=1e-05, momentum=0.1, affine=True, track_running_stats=True)
          (1): ReLU(inplace=True)
          (2): Linear(in_features=128, out_features=16, bias=True)
          (3): BatchNorm1d(16, eps=1e-05, momentum=0.1, affine=True, track_running_stats=True)
          (4): ReLU(inplace=True)
          (5): Linear(in_features=16, out_features=16, bias=True)
        )
        (softmax): Softmax(dim=1)
      )
      (bn2): BatchNorm1d(128, eps=1e-05, momentum=0.1, affine=True, track_running_stats=True)
      (linear3): Linear(in_features=128, out_features=128, bias=False)
      (bn3): BatchNorm1d(128, eps=1e-05, momentum=0.1, affine=True, track_running_stats=True)
      (relu): ReLU(inplace=True)
    )
  )
  (enc4): Sequential(
    (0): TransitionDown(
      (linear): Linear(in_features=131, out_features=256, bias=False)
      (pool): MaxPool1d(kernel_size=16, stride=16, padding=0, dilation=1, ceil_mode=False)
      (bn): BatchNorm1d(256, eps=1e-05, momentum=0.1, affine=True, track_running_stats=True)
      (relu): ReLU(inplace=True)
    )
    (1): PointTransformerBlock(
      (linear1): Linear(in_features=256, out_features=256, bias=False)
      (bn1): BatchNorm1d(256, eps=1e-05, momentum=0.1, affine=True, track_running_stats=True)
      (transformer2): PointTransformerLayer(
        (linear_q): Linear(in_features=256, out_features=256, bias=True)
        (linear_k): Linear(in_features=256, out_features=256, bias=True)
        (linear_v): Linear(in_features=256, out_features=256, bias=True)
        (linear_p): Sequential(
          (0): Linear(in_features=3, out_features=3, bias=True)
          (1): BatchNorm1d(3, eps=1e-05, momentum=0.1, affine=True, track_running_stats=True)
          (2): ReLU(inplace=True)
          (3): Linear(in_features=3, out_features=256, bias=True)
        )
        (linear_w): Sequential(
          (0): BatchNorm1d(256, eps=1e-05, momentum=0.1, affine=True, track_running_stats=True)
          (1): ReLU(inplace=True)
          (2): Linear(in_features=256, out_features=32, bias=True)
          (3): BatchNorm1d(32, eps=1e-05, momentum=0.1, affine=True, track_running_stats=True)
          (4): ReLU(inplace=True)
          (5): Linear(in_features=32, out_features=32, bias=True)
        )
        (softmax): Softmax(dim=1)
      )
      (bn2): BatchNorm1d(256, eps=1e-05, momentum=0.1, affine=True, track_running_stats=True)
      (linear3): Linear(in_features=256, out_features=256, bias=False)
      (bn3): BatchNorm1d(256, eps=1e-05, momentum=0.1, affine=True, track_running_stats=True)
      (relu): ReLU(inplace=True)
    )
    (2): PointTransformerBlock(
      (linear1): Linear(in_features=256, out_features=256, bias=False)
      (bn1): BatchNorm1d(256, eps=1e-05, momentum=0.1, affine=True, track_running_stats=True)
      (transformer2): PointTransformerLayer(
        (linear_q): Linear(in_features=256, out_features=256, bias=True)
        (linear_k): Linear(in_features=256, out_features=256, bias=True)
        (linear_v): Linear(in_features=256, out_features=256, bias=True)
        (linear_p): Sequential(
          (0): Linear(in_features=3, out_features=3, bias=True)
          (1): BatchNorm1d(3, eps=1e-05, momentum=0.1, affine=True, track_running_stats=True)
          (2): ReLU(inplace=True)
          (3): Linear(in_features=3, out_features=256, bias=True)
        )
        (linear_w): Sequential(
          (0): BatchNorm1d(256, eps=1e-05, momentum=0.1, affine=True, track_running_stats=True)
          (1): ReLU(inplace=True)
          (2): Linear(in_features=256, out_features=32, bias=True)
          (3): BatchNorm1d(32, eps=1e-05, momentum=0.1, affine=True, track_running_stats=True)
          (4): ReLU(inplace=True)
          (5): Linear(in_features=32, out_features=32, bias=True)
        )
        (softmax): Softmax(dim=1)
      )
      (bn2): BatchNorm1d(256, eps=1e-05, momentum=0.1, affine=True, track_running_stats=True)
      (linear3): Linear(in_features=256, out_features=256, bias=False)
      (bn3): BatchNorm1d(256, eps=1e-05, momentum=0.1, affine=True, track_running_stats=True)
      (relu): ReLU(inplace=True)
    )
    (3): PointTransformerBlock(
      (linear1): Linear(in_features=256, out_features=256, bias=False)
      (bn1): BatchNorm1d(256, eps=1e-05, momentum=0.1, affine=True, track_running_stats=True)
      (transformer2): PointTransformerLayer(
        (linear_q): Linear(in_features=256, out_features=256, bias=True)
        (linear_k): Linear(in_features=256, out_features=256, bias=True)
        (linear_v): Linear(in_features=256, out_features=256, bias=True)
        (linear_p): Sequential(
          (0): Linear(in_features=3, out_features=3, bias=True)
          (1): BatchNorm1d(3, eps=1e-05, momentum=0.1, affine=True, track_running_stats=True)
          (2): ReLU(inplace=True)
          (3): Linear(in_features=3, out_features=256, bias=True)
        )
        (linear_w): Sequential(
          (0): BatchNorm1d(256, eps=1e-05, momentum=0.1, affine=True, track_running_stats=True)
          (1): ReLU(inplace=True)
          (2): Linear(in_features=256, out_features=32, bias=True)
          (3): BatchNorm1d(32, eps=1e-05, momentum=0.1, affine=True, track_running_stats=True)
          (4): ReLU(inplace=True)
          (5): Linear(in_features=32, out_features=32, bias=True)
        )
        (softmax): Softmax(dim=1)
      )
      (bn2): BatchNorm1d(256, eps=1e-05, momentum=0.1, affine=True, track_running_stats=True)
      (linear3): Linear(in_features=256, out_features=256, bias=False)
      (bn3): BatchNorm1d(256, eps=1e-05, momentum=0.1, affine=True, track_running_stats=True)
      (relu): ReLU(inplace=True)
    )
    (4): PointTransformerBlock(
      (linear1): Linear(in_features=256, out_features=256, bias=False)
      (bn1): BatchNorm1d(256, eps=1e-05, momentum=0.1, affine=True, track_running_stats=True)
      (transformer2): PointTransformerLayer(
        (linear_q): Linear(in_features=256, out_features=256, bias=True)
        (linear_k): Linear(in_features=256, out_features=256, bias=True)
        (linear_v): Linear(in_features=256, out_features=256, bias=True)
        (linear_p): Sequential(
          (0): Linear(in_features=3, out_features=3, bias=True)
          (1): BatchNorm1d(3, eps=1e-05, momentum=0.1, affine=True, track_running_stats=True)
          (2): ReLU(inplace=True)
          (3): Linear(in_features=3, out_features=256, bias=True)
        )
        (linear_w): Sequential(
          (0): BatchNorm1d(256, eps=1e-05, momentum=0.1, affine=True, track_running_stats=True)
          (1): ReLU(inplace=True)
          (2): Linear(in_features=256, out_features=32, bias=True)
          (3): BatchNorm1d(32, eps=1e-05, momentum=0.1, affine=True, track_running_stats=True)
          (4): ReLU(inplace=True)
          (5): Linear(in_features=32, out_features=32, bias=True)
        )
        (softmax): Softmax(dim=1)
      )
      (bn2): BatchNorm1d(256, eps=1e-05, momentum=0.1, affine=True, track_running_stats=True)
      (linear3): Linear(in_features=256, out_features=256, bias=False)
      (bn3): BatchNorm1d(256, eps=1e-05, momentum=0.1, affine=True, track_running_stats=True)
      (relu): ReLU(inplace=True)
    )
    (5): PointTransformerBlock(
      (linear1): Linear(in_features=256, out_features=256, bias=False)
      (bn1): BatchNorm1d(256, eps=1e-05, momentum=0.1, affine=True, track_running_stats=True)
      (transformer2): PointTransformerLayer(
        (linear_q): Linear(in_features=256, out_features=256, bias=True)
        (linear_k): Linear(in_features=256, out_features=256, bias=True)
        (linear_v): Linear(in_features=256, out_features=256, bias=True)
        (linear_p): Sequential(
          (0): Linear(in_features=3, out_features=3, bias=True)
          (1): BatchNorm1d(3, eps=1e-05, momentum=0.1, affine=True, track_running_stats=True)
          (2): ReLU(inplace=True)
          (3): Linear(in_features=3, out_features=256, bias=True)
        )
        (linear_w): Sequential(
          (0): BatchNorm1d(256, eps=1e-05, momentum=0.1, affine=True, track_running_stats=True)
          (1): ReLU(inplace=True)
          (2): Linear(in_features=256, out_features=32, bias=True)
          (3): BatchNorm1d(32, eps=1e-05, momentum=0.1, affine=True, track_running_stats=True)
          (4): ReLU(inplace=True)
          (5): Linear(in_features=32, out_features=32, bias=True)
        )
        (softmax): Softmax(dim=1)
      )
      (bn2): BatchNorm1d(256, eps=1e-05, momentum=0.1, affine=True, track_running_stats=True)
      (linear3): Linear(in_features=256, out_features=256, bias=False)
      (bn3): BatchNorm1d(256, eps=1e-05, momentum=0.1, affine=True, track_running_stats=True)
      (relu): ReLU(inplace=True)
    )
  )
  (enc5): Sequential(
    (0): TransitionDown(
      (linear): Linear(in_features=259, out_features=512, bias=False)
      (pool): MaxPool1d(kernel_size=16, stride=16, padding=0, dilation=1, ceil_mode=False)
      (bn): BatchNorm1d(512, eps=1e-05, momentum=0.1, affine=True, track_running_stats=True)
      (relu): ReLU(inplace=True)
    )
    (1): PointTransformerBlock(
      (linear1): Linear(in_features=512, out_features=512, bias=False)
      (bn1): BatchNorm1d(512, eps=1e-05, momentum=0.1, affine=True, track_running_stats=True)
      (transformer2): PointTransformerLayer(
        (linear_q): Linear(in_features=512, out_features=512, bias=True)
        (linear_k): Linear(in_features=512, out_features=512, bias=True)
        (linear_v): Linear(in_features=512, out_features=512, bias=True)
        (linear_p): Sequential(
          (0): Linear(in_features=3, out_features=3, bias=True)
          (1): BatchNorm1d(3, eps=1e-05, momentum=0.1, affine=True, track_running_stats=True)
          (2): ReLU(inplace=True)
          (3): Linear(in_features=3, out_features=512, bias=True)
        )
        (linear_w): Sequential(
          (0): BatchNorm1d(512, eps=1e-05, momentum=0.1, affine=True, track_running_stats=True)
          (1): ReLU(inplace=True)
          (2): Linear(in_features=512, out_features=64, bias=True)
          (3): BatchNorm1d(64, eps=1e-05, momentum=0.1, affine=True, track_running_stats=True)
          (4): ReLU(inplace=True)
          (5): Linear(in_features=64, out_features=64, bias=True)
        )
        (softmax): Softmax(dim=1)
      )
      (bn2): BatchNorm1d(512, eps=1e-05, momentum=0.1, affine=True, track_running_stats=True)
      (linear3): Linear(in_features=512, out_features=512, bias=False)
      (bn3): BatchNorm1d(512, eps=1e-05, momentum=0.1, affine=True, track_running_stats=True)
      (relu): ReLU(inplace=True)
    )
    (2): PointTransformerBlock(
      (linear1): Linear(in_features=512, out_features=512, bias=False)
      (bn1): BatchNorm1d(512, eps=1e-05, momentum=0.1, affine=True, track_running_stats=True)
      (transformer2): PointTransformerLayer(
        (linear_q): Linear(in_features=512, out_features=512, bias=True)
        (linear_k): Linear(in_features=512, out_features=512, bias=True)
        (linear_v): Linear(in_features=512, out_features=512, bias=True)
        (linear_p): Sequential(
          (0): Linear(in_features=3, out_features=3, bias=True)
          (1): BatchNorm1d(3, eps=1e-05, momentum=0.1, affine=True, track_running_stats=True)
          (2): ReLU(inplace=True)
          (3): Linear(in_features=3, out_features=512, bias=True)
        )
        (linear_w): Sequential(
          (0): BatchNorm1d(512, eps=1e-05, momentum=0.1, affine=True, track_running_stats=True)
          (1): ReLU(inplace=True)
          (2): Linear(in_features=512, out_features=64, bias=True)
          (3): BatchNorm1d(64, eps=1e-05, momentum=0.1, affine=True, track_running_stats=True)
          (4): ReLU(inplace=True)
          (5): Linear(in_features=64, out_features=64, bias=True)
        )
        (softmax): Softmax(dim=1)
      )
      (bn2): BatchNorm1d(512, eps=1e-05, momentum=0.1, affine=True, track_running_stats=True)
      (linear3): Linear(in_features=512, out_features=512, bias=False)
      (bn3): BatchNorm1d(512, eps=1e-05, momentum=0.1, affine=True, track_running_stats=True)
      (relu): ReLU(inplace=True)
    )
  )
  (dec5): Sequential(
    (0): TransitionUp(
      (linear1): Sequential(
        (0): Linear(in_features=1024, out_features=512, bias=True)
        (1): BatchNorm1d(512, eps=1e-05, momentum=0.1, affine=True, track_running_stats=True)
        (2): ReLU(inplace=True)
      )
      (linear2): Sequential(
        (0): Linear(in_features=512, out_features=512, bias=True)
        (1): ReLU(inplace=True)
      )
    )
    (1): PointTransformerBlock(
      (linear1): Linear(in_features=512, out_features=512, bias=False)
      (bn1): BatchNorm1d(512, eps=1e-05, momentum=0.1, affine=True, track_running_stats=True)
      (transformer2): PointTransformerLayer(
        (linear_q): Linear(in_features=512, out_features=512, bias=True)
        (linear_k): Linear(in_features=512, out_features=512, bias=True)
        (linear_v): Linear(in_features=512, out_features=512, bias=True)
        (linear_p): Sequential(
          (0): Linear(in_features=3, out_features=3, bias=True)
          (1): BatchNorm1d(3, eps=1e-05, momentum=0.1, affine=True, track_running_stats=True)
          (2): ReLU(inplace=True)
          (3): Linear(in_features=3, out_features=512, bias=True)
        )
        (linear_w): Sequential(
          (0): BatchNorm1d(512, eps=1e-05, momentum=0.1, affine=True, track_running_stats=True)
          (1): ReLU(inplace=True)
          (2): Linear(in_features=512, out_features=64, bias=True)
          (3): BatchNorm1d(64, eps=1e-05, momentum=0.1, affine=True, track_running_stats=True)
          (4): ReLU(inplace=True)
          (5): Linear(in_features=64, out_features=64, bias=True)
        )
        (softmax): Softmax(dim=1)
      )
      (bn2): BatchNorm1d(512, eps=1e-05, momentum=0.1, affine=True, track_running_stats=True)
      (linear3): Linear(in_features=512, out_features=512, bias=False)
      (bn3): BatchNorm1d(512, eps=1e-05, momentum=0.1, affine=True, track_running_stats=True)
      (relu): ReLU(inplace=True)
    )
  )
  (dec4): Sequential(
    (0): TransitionUp(
      (linear1): Sequential(
        (0): Linear(in_features=256, out_features=256, bias=True)
        (1): BatchNorm1d(256, eps=1e-05, momentum=0.1, affine=True, track_running_stats=True)
        (2): ReLU(inplace=True)
      )
      (linear2): Sequential(
        (0): Linear(in_features=512, out_features=256, bias=True)
        (1): BatchNorm1d(256, eps=1e-05, momentum=0.1, affine=True, track_running_stats=True)
        (2): ReLU(inplace=True)
      )
    )
    (1): PointTransformerBlock(
      (linear1): Linear(in_features=256, out_features=256, bias=False)
      (bn1): BatchNorm1d(256, eps=1e-05, momentum=0.1, affine=True, track_running_stats=True)
      (transformer2): PointTransformerLayer(
        (linear_q): Linear(in_features=256, out_features=256, bias=True)
        (linear_k): Linear(in_features=256, out_features=256, bias=True)
        (linear_v): Linear(in_features=256, out_features=256, bias=True)
        (linear_p): Sequential(
          (0): Linear(in_features=3, out_features=3, bias=True)
          (1): BatchNorm1d(3, eps=1e-05, momentum=0.1, affine=True, track_running_stats=True)
          (2): ReLU(inplace=True)
          (3): Linear(in_features=3, out_features=256, bias=True)
        )
        (linear_w): Sequential(
          (0): BatchNorm1d(256, eps=1e-05, momentum=0.1, affine=True, track_running_stats=True)
          (1): ReLU(inplace=True)
          (2): Linear(in_features=256, out_features=32, bias=True)
          (3): BatchNorm1d(32, eps=1e-05, momentum=0.1, affine=True, track_running_stats=True)
          (4): ReLU(inplace=True)
          (5): Linear(in_features=32, out_features=32, bias=True)
        )
        (softmax): Softmax(dim=1)
      )
      (bn2): BatchNorm1d(256, eps=1e-05, momentum=0.1, affine=True, track_running_stats=True)
      (linear3): Linear(in_features=256, out_features=256, bias=False)
      (bn3): BatchNorm1d(256, eps=1e-05, momentum=0.1, affine=True, track_running_stats=True)
      (relu): ReLU(inplace=True)
    )
  )
  (dec3): Sequential(
    (0): TransitionUp(
      (linear1): Sequential(
        (0): Linear(in_features=128, out_features=128, bias=True)
        (1): BatchNorm1d(128, eps=1e-05, momentum=0.1, affine=True, track_running_stats=True)
        (2): ReLU(inplace=True)
      )
      (linear2): Sequential(
        (0): Linear(in_features=256, out_features=128, bias=True)
        (1): BatchNorm1d(128, eps=1e-05, momentum=0.1, affine=True, track_running_stats=True)
        (2): ReLU(inplace=True)
      )
    )
    (1): PointTransformerBlock(
      (linear1): Linear(in_features=128, out_features=128, bias=False)
      (bn1): BatchNorm1d(128, eps=1e-05, momentum=0.1, affine=True, track_running_stats=True)
      (transformer2): PointTransformerLayer(
        (linear_q): Linear(in_features=128, out_features=128, bias=True)
        (linear_k): Linear(in_features=128, out_features=128, bias=True)
        (linear_v): Linear(in_features=128, out_features=128, bias=True)
        (linear_p): Sequential(
          (0): Linear(in_features=3, out_features=3, bias=True)
          (1): BatchNorm1d(3, eps=1e-05, momentum=0.1, affine=True, track_running_stats=True)
          (2): ReLU(inplace=True)
          (3): Linear(in_features=3, out_features=128, bias=True)
        )
        (linear_w): Sequential(
          (0): BatchNorm1d(128, eps=1e-05, momentum=0.1, affine=True, track_running_stats=True)
          (1): ReLU(inplace=True)
          (2): Linear(in_features=128, out_features=16, bias=True)
          (3): BatchNorm1d(16, eps=1e-05, momentum=0.1, affine=True, track_running_stats=True)
          (4): ReLU(inplace=True)
          (5): Linear(in_features=16, out_features=16, bias=True)
        )
        (softmax): Softmax(dim=1)
      )
      (bn2): BatchNorm1d(128, eps=1e-05, momentum=0.1, affine=True, track_running_stats=True)
      (linear3): Linear(in_features=128, out_features=128, bias=False)
      (bn3): BatchNorm1d(128, eps=1e-05, momentum=0.1, affine=True, track_running_stats=True)
      (relu): ReLU(inplace=True)
    )
  )
  (dec2): Sequential(
    (0): TransitionUp(
      (linear1): Sequential(
        (0): Linear(in_features=64, out_features=64, bias=True)
        (1): BatchNorm1d(64, eps=1e-05, momentum=0.1, affine=True, track_running_stats=True)
        (2): ReLU(inplace=True)
      )
      (linear2): Sequential(
        (0): Linear(in_features=128, out_features=64, bias=True)
        (1): BatchNorm1d(64, eps=1e-05, momentum=0.1, affine=True, track_running_stats=True)
        (2): ReLU(inplace=True)
      )
    )
    (1): PointTransformerBlock(
      (linear1): Linear(in_features=64, out_features=64, bias=False)
      (bn1): BatchNorm1d(64, eps=1e-05, momentum=0.1, affine=True, track_running_stats=True)
      (transformer2): PointTransformerLayer(
        (linear_q): Linear(in_features=64, out_features=64, bias=True)
        (linear_k): Linear(in_features=64, out_features=64, bias=True)
        (linear_v): Linear(in_features=64, out_features=64, bias=True)
        (linear_p): Sequential(
          (0): Linear(in_features=3, out_features=3, bias=True)
          (1): BatchNorm1d(3, eps=1e-05, momentum=0.1, affine=True, track_running_stats=True)
          (2): ReLU(inplace=True)
          (3): Linear(in_features=3, out_features=64, bias=True)
        )
        (linear_w): Sequential(
          (0): BatchNorm1d(64, eps=1e-05, momentum=0.1, affine=True, track_running_stats=True)
          (1): ReLU(inplace=True)
          (2): Linear(in_features=64, out_features=8, bias=True)
          (3): BatchNorm1d(8, eps=1e-05, momentum=0.1, affine=True, track_running_stats=True)
          (4): ReLU(inplace=True)
          (5): Linear(in_features=8, out_features=8, bias=True)
        )
        (softmax): Softmax(dim=1)
      )
      (bn2): BatchNorm1d(64, eps=1e-05, momentum=0.1, affine=True, track_running_stats=True)
      (linear3): Linear(in_features=64, out_features=64, bias=False)
      (bn3): BatchNorm1d(64, eps=1e-05, momentum=0.1, affine=True, track_running_stats=True)
      (relu): ReLU(inplace=True)
    )
  )
  (dec1): Sequential(
    (0): TransitionUp(
      (linear1): Sequential(
        (0): Linear(in_features=32, out_features=32, bias=True)
        (1): BatchNorm1d(32, eps=1e-05, momentum=0.1, affine=True, track_running_stats=True)
        (2): ReLU(inplace=True)
      )
      (linear2): Sequential(
        (0): Linear(in_features=64, out_features=32, bias=True)
        (1): BatchNorm1d(32, eps=1e-05, momentum=0.1, affine=True, track_running_stats=True)
        (2): ReLU(inplace=True)
      )
    )
    (1): PointTransformerBlock(
      (linear1): Linear(in_features=32, out_features=32, bias=False)
      (bn1): BatchNorm1d(32, eps=1e-05, momentum=0.1, affine=True, track_running_stats=True)
      (transformer2): PointTransformerLayer(
        (linear_q): Linear(in_features=32, out_features=32, bias=True)
        (linear_k): Linear(in_features=32, out_features=32, bias=True)
        (linear_v): Linear(in_features=32, out_features=32, bias=True)
        (linear_p): Sequential(
          (0): Linear(in_features=3, out_features=3, bias=True)
          (1): BatchNorm1d(3, eps=1e-05, momentum=0.1, affine=True, track_running_stats=True)
          (2): ReLU(inplace=True)
          (3): Linear(in_features=3, out_features=32, bias=True)
        )
        (linear_w): Sequential(
          (0): BatchNorm1d(32, eps=1e-05, momentum=0.1, affine=True, track_running_stats=True)
          (1): ReLU(inplace=True)
          (2): Linear(in_features=32, out_features=4, bias=True)
          (3): BatchNorm1d(4, eps=1e-05, momentum=0.1, affine=True, track_running_stats=True)
          (4): ReLU(inplace=True)
          (5): Linear(in_features=4, out_features=4, bias=True)
        )
        (softmax): Softmax(dim=1)
      )
      (bn2): BatchNorm1d(32, eps=1e-05, momentum=0.1, affine=True, track_running_stats=True)
      (linear3): Linear(in_features=32, out_features=32, bias=False)
      (bn3): BatchNorm1d(32, eps=1e-05, momentum=0.1, affine=True, track_running_stats=True)
      (relu): ReLU(inplace=True)
    )
  )
  (cls): Sequential(
    (0): Linear(in_features=32, out_features=32, bias=True)
    (1): BatchNorm1d(32, eps=1e-05, momentum=0.1, affine=True, track_running_stats=True)
    (2): ReLU(inplace=True)
    (3): Linear(in_features=32, out_features=13, bias=True)
  )
)
[2022-10-26 12:57:34,183 INFO train.py line 236 122842] => loading checkpoint 'exp/s3dis/pointtransformer_xyz/model/model_last.pth'
[2022-10-26 12:57:34,304 INFO train.py line 245 122842] => loaded checkpoint 'exp/s3dis/pointtransformer_xyz/model/model_last.pth' (epoch 1)
[2022-10-26 12:57:34,306 INFO train.py line 278 122842] train_data samples: '6120'
Totally 204 samples in train set.
Totally 68 samples in val set.
Totally 204 samples in train set.
Totally 68 samples in val set.
  0%|          | 0/99 [00:00<?, ?it/s]
  0%|          | 0/3060 [00:00<?, ?it/s][A/home/eco02/anaconda3/envs/pt/lib/python3.9/site-packages/torch/nn/functional.py:652: UserWarning: Named tensors and all their associated APIs are an experimental feature and subject to change. Please do not use them for anything important until they are released as stable. (Triggered internally at  /opt/conda/conda-bld/pytorch_1623448255797/work/c10/core/TensorImpl.h:1156.)
  return torch.max_pool1d(input, kernel_size, stride, padding, dilation, ceil_mode)
  0%|          | 0/3060 [00:03<?, ?it/s]
  0%|          | 0/99 [00:03<?, ?it/s]
max_pts=150000
Traceback (most recent call last):
  File "/home/eco02/Luc/point-transformer/exp/s3dis/pointtransformer_xyz/train.py", line 510, in <module>
    main()
  File "/home/eco02/Luc/point-transformer/exp/s3dis/pointtransformer_xyz/train.py", line 129, in main
    main_worker(args.train_gpu, args.ngpus_per_node, args)
  File "/home/eco02/Luc/point-transformer/exp/s3dis/pointtransformer_xyz/train.py", line 304, in main_worker
    loss_train, mIoU_train, mAcc_train, allAcc_train = train(train_loader, model, criterion, optimizer, epoch)
  File "/home/eco02/Luc/point-transformer/exp/s3dis/pointtransformer_xyz/train.py", line 365, in train
    output = model([coord, feat, offset])
  File "/home/eco02/anaconda3/envs/pt/lib/python3.9/site-packages/torch/nn/modules/module.py", line 1051, in _call_impl
    return forward_call(*input, **kwargs)
  File "/home/eco02/anaconda3/envs/pt/lib/python3.9/site-packages/torch/nn/parallel/data_parallel.py", line 166, in forward
    return self.module(*inputs[0], **kwargs[0])
  File "/home/eco02/anaconda3/envs/pt/lib/python3.9/site-packages/torch/nn/modules/module.py", line 1051, in _call_impl
    return forward_call(*input, **kwargs)
  File "/home/eco02/Luc/point-transformer/model/pointtransformer/pointtransformer_seg.py", line 170, in forward
    x2 = self.dec2[1:]([p2, self.dec2[0]([p2, x2, o2], [p3, x3, o3]), o2])[1]
  File "/home/eco02/anaconda3/envs/pt/lib/python3.9/site-packages/torch/nn/modules/module.py", line 1051, in _call_impl
    return forward_call(*input, **kwargs)
  File "/home/eco02/anaconda3/envs/pt/lib/python3.9/site-packages/torch/nn/modules/container.py", line 139, in forward
    input = module(input)
  File "/home/eco02/anaconda3/envs/pt/lib/python3.9/site-packages/torch/nn/modules/module.py", line 1051, in _call_impl
    return forward_call(*input, **kwargs)
  File "/home/eco02/Luc/point-transformer/model/pointtransformer/pointtransformer_seg.py", line 117, in forward
    x = self.relu(self.bn2(self.transformer2([p, x, o])))
  File "/home/eco02/anaconda3/envs/pt/lib/python3.9/site-packages/torch/nn/modules/module.py", line 1051, in _call_impl
    return forward_call(*input, **kwargs)
  File "/home/eco02/Luc/point-transformer/model/pointtransformer/pointtransformer_seg.py", line 32, in forward
    for i, layer in enumerate(self.linear_w): w = layer(w.transpose(1, 2).contiguous()).transpose(1, 2).contiguous() if i % 3 == 0 else layer(w)
RuntimeError: CUDA out of memory. Tried to allocate 148.00 MiB (GPU 0; 9.78 GiB total capacity; 5.92 GiB already allocated; 31.31 MiB free; 6.06 GiB reserved in total by PyTorch)
wandb: Waiting for W&B process to finish... (failed 1). Press Control-C to abort syncing.
wandb: - 0.041 MB of 0.041 MB uploaded (0.000 MB deduped)wandb: \ 0.041 MB of 0.082 MB uploaded (0.000 MB deduped)wandb: Synced ('s3dis', 'pointtransformer_xyz'): https://wandb.ai/luchayward/point-transformer/runs/2vfc9x7d
wandb: Synced 7 W&B file(s), 0 media file(s), 0 artifact file(s) and 2 other file(s)
wandb: Find logs at: ./wandb/run-20221026_125731-2vfc9x7d/logs
